Change Component Physical Designator: Old Designator=C1_SCH1 New Designator=C3
Change Component Physical Designator: Old Designator=C1_SCH2 New Designator=C4
Change Component Physical Designator: Old Designator=C1_SCH3 New Designator=C5
Change Component Physical Designator: Old Designator=C1_SCH4 New Designator=C6
Change Component Physical Designator: Old Designator=C1_SCH5 New Designator=C7
Change Component Physical Designator: Old Designator=C1_SCH6 New Designator=C8
Change Component Physical Designator: Old Designator=C1_SCH7 New Designator=C9
Change Component Physical Designator: Old Designator=C1_SCH8 New Designator=C10
Change Component Physical Designator: Old Designator=C9 New Designator=C1
Change Component Physical Designator: Old Designator=C10 New Designator=C2
Change Component Physical Designator: Old Designator=D1_SCH1 New Designator=D2
Change Component Physical Designator: Old Designator=D1_SCH2 New Designator=D3
Change Component Physical Designator: Old Designator=D1_SCH3 New Designator=D4
Change Component Physical Designator: Old Designator=D1_SCH4 New Designator=D5
Change Component Physical Designator: Old Designator=D1_SCH5 New Designator=D6
Change Component Physical Designator: Old Designator=D1_SCH6 New Designator=D7
Change Component Physical Designator: Old Designator=D1_SCH7 New Designator=D8
Change Component Physical Designator: Old Designator=D1_SCH8 New Designator=D9
Change Component Physical Designator: Old Designator=D9 New Designator=D1
Change Component Physical Designator: Old Designator=R1_SCH1 New Designator=R3
Change Component Physical Designator: Old Designator=R1_SCH2 New Designator=R7
Change Component Physical Designator: Old Designator=R1_SCH3 New Designator=R11
Change Component Physical Designator: Old Designator=R1_SCH4 New Designator=R15
Change Component Physical Designator: Old Designator=R1_SCH5 New Designator=R19
Change Component Physical Designator: Old Designator=R1_SCH6 New Designator=R23
Change Component Physical Designator: Old Designator=R1_SCH7 New Designator=R27
Change Component Physical Designator: Old Designator=R1_SCH8 New Designator=R31
Change Component Physical Designator: Old Designator=R2_SCH1 New Designator=R4
Change Component Physical Designator: Old Designator=R2_SCH2 New Designator=R8
Change Component Physical Designator: Old Designator=R2_SCH3 New Designator=R12
Change Component Physical Designator: Old Designator=R2_SCH4 New Designator=R16
Change Component Physical Designator: Old Designator=R2_SCH5 New Designator=R20
Change Component Physical Designator: Old Designator=R2_SCH6 New Designator=R24
Change Component Physical Designator: Old Designator=R2_SCH7 New Designator=R28
Change Component Physical Designator: Old Designator=R2_SCH8 New Designator=R32
Change Component Physical Designator: Old Designator=R3_SCH1 New Designator=R5
Change Component Physical Designator: Old Designator=R3_SCH2 New Designator=R9
Change Component Physical Designator: Old Designator=R3_SCH3 New Designator=R13
Change Component Physical Designator: Old Designator=R3_SCH4 New Designator=R17
Change Component Physical Designator: Old Designator=R3_SCH5 New Designator=R21
Change Component Physical Designator: Old Designator=R3_SCH6 New Designator=R25
Change Component Physical Designator: Old Designator=R3_SCH7 New Designator=R29
Change Component Physical Designator: Old Designator=R3_SCH8 New Designator=R33
Change Component Physical Designator: Old Designator=R4_SCH1 New Designator=R6
Change Component Physical Designator: Old Designator=R4_SCH2 New Designator=R10
Change Component Physical Designator: Old Designator=R4_SCH3 New Designator=R14
Change Component Physical Designator: Old Designator=R4_SCH4 New Designator=R18
Change Component Physical Designator: Old Designator=R4_SCH5 New Designator=R22
Change Component Physical Designator: Old Designator=R4_SCH6 New Designator=R26
Change Component Physical Designator: Old Designator=R4_SCH7 New Designator=R30
Change Component Physical Designator: Old Designator=R4_SCH8 New Designator=R34
Change Component Physical Designator: Old Designator=VD1_SCH1 New Designator=VD1
Change Component Physical Designator: Old Designator=VD1_SCH2 New Designator=VD2
Change Component Physical Designator: Old Designator=VD1_SCH3 New Designator=VD3
Change Component Physical Designator: Old Designator=VD1_SCH4 New Designator=VD4
Change Component Physical Designator: Old Designator=VD1_SCH5 New Designator=VD5
Change Component Physical Designator: Old Designator=VD1_SCH6 New Designator=VD6
Change Component Physical Designator: Old Designator=VD1_SCH7 New Designator=VD7
Change Component Physical Designator: Old Designator=VD1_SCH8 New Designator=VD8
Change Component Physical Designator: Old Designator=VT1_SCH1 New Designator=VT1
Change Component Physical Designator: Old Designator=VT1_SCH2 New Designator=VT2
Change Component Physical Designator: Old Designator=VT1_SCH3 New Designator=VT3
Change Component Physical Designator: Old Designator=VT1_SCH4 New Designator=VT4
Change Component Physical Designator: Old Designator=VT1_SCH5 New Designator=VT5
Change Component Physical Designator: Old Designator=VT1_SCH6 New Designator=VT6
Change Component Physical Designator: Old Designator=VT1_SCH7 New Designator=VT7
Change Component Physical Designator: Old Designator=VT1_SCH8 New Designator=VT8
Change Component Physical Designator: Old Designator=X1_SCH1 New Designator=X2
Change Component Physical Designator: Old Designator=X1_SCH2 New Designator=X3
Change Component Physical Designator: Old Designator=X1_SCH3 New Designator=X4
Change Component Physical Designator: Old Designator=X1_SCH4 New Designator=X5
Change Component Physical Designator: Old Designator=X1_SCH5 New Designator=X6
Change Component Physical Designator: Old Designator=X1_SCH6 New Designator=X7
Change Component Physical Designator: Old Designator=X1_SCH7 New Designator=X8
Change Component Physical Designator: Old Designator=X1_SCH8 New Designator=X9
Change Component Physical Designator: Old Designator=X2 New Designator=X1
