Removed Pin From Net: NetName=GND Pin=C11-1
Removed Pin From Net: NetName=NetC2_2 Pin=C11-2
Removed Pin From Net: NetName=NetC2_2 Pin=Designator31-1
Removed Pin From Net: NetName=NetC2_2 Pin=Designator31-2
Removed Pin From Net: NetName=NetR24_2 Pin=Designator37-1
Removed Pin From Net: NetName=NetR24_2 Pin=Designator37-2
Removed Pin From Net: NetName=NetR28_2 Pin=Designator38-1
Removed Pin From Net: NetName=NetR28_2 Pin=Designator38-2
Removed Pin From Net: NetName=NetR32_2 Pin=Designator39-1
Removed Pin From Net: NetName=NetR32_2 Pin=Designator39-2
Removed Pin From Net: NetName=NetC2_2 Pin=Designator40-1
Removed Pin From Net: NetName=NetC2_2 Pin=Designator40-2
Removed Pin From Net: NetName=NetC2_2 Pin=Designator41-1
Removed Pin From Net: NetName=NetC2_2 Pin=Designator41-2
Removed Pin From Net: NetName=NetC2_2 Pin=Designator42-1
Removed Pin From Net: NetName=NetC2_2 Pin=Designator42-2
Removed Pin From Net: NetName=NetC2_2 Pin=Designator43-1
Removed Pin From Net: NetName=NetC2_2 Pin=Designator43-2
Removed Pin From Net: NetName=NetC2_2 Pin=Designator44-1
Removed Pin From Net: NetName=NetC2_2 Pin=Designator44-2
Removed Pin From Net: NetName=NetC2_2 Pin=Designator45-1
Removed Pin From Net: NetName=NetC2_2 Pin=Designator45-2
Removed Pin From Net: NetName=NetC2_2 Pin=Designator46-1
Removed Pin From Net: NetName=NetC2_2 Pin=Designator46-2
Removed Pin From Net: NetName=VCC Pin=Designator47-1
Removed Pin From Net: NetName=VCC Pin=Designator47-2
Removed Pin From Net: NetName=VCC Pin=Designator48-1
Removed Pin From Net: NetName=GND Pin=Designator49-1
Removed Pin From Net: NetName=VCC Pin=X10-1
Removed Pin From Net: NetName=GND Pin=X10-2
Change Component DesignItemId : Designator=R4 Old DesignItemId=Resistor_0805 New DesignItemId=Resistor_1206
Change Component DesignItemId : Designator=R6 Old DesignItemId=Resistor_0805 New DesignItemId=Resistor_1206
Change Component DesignItemId : Designator=R8 Old DesignItemId=Resistor_0805 New DesignItemId=Resistor_1206
Change Component DesignItemId : Designator=R10 Old DesignItemId=Resistor_0805 New DesignItemId=Resistor_1206
Change Component DesignItemId : Designator=R12 Old DesignItemId=Resistor_0805 New DesignItemId=Resistor_1206
Change Component DesignItemId : Designator=R14 Old DesignItemId=Resistor_0805 New DesignItemId=Resistor_1206
Change Component DesignItemId : Designator=R16 Old DesignItemId=Resistor_0805 New DesignItemId=Resistor_1206
Change Component DesignItemId : Designator=R18 Old DesignItemId=Resistor_0805 New DesignItemId=Resistor_1206
Change Component DesignItemId : Designator=R20 Old DesignItemId=Resistor_0805 New DesignItemId=Resistor_1206
Change Component DesignItemId : Designator=R22 Old DesignItemId=Resistor_0805 New DesignItemId=Resistor_1206
Change Component DesignItemId : Designator=R24 Old DesignItemId=Resistor_0805 New DesignItemId=Resistor_1206
Change Component DesignItemId : Designator=R26 Old DesignItemId=Resistor_0805 New DesignItemId=Resistor_1206
Change Component DesignItemId : Designator=R28 Old DesignItemId=Resistor_0805 New DesignItemId=Resistor_1206
Change Component DesignItemId : Designator=R30 Old DesignItemId=Resistor_0805 New DesignItemId=Resistor_1206
Change Component DesignItemId : Designator=R32 Old DesignItemId=Resistor_0805 New DesignItemId=Resistor_1206
Change Component DesignItemId : Designator=R34 Old DesignItemId=Resistor_0805 New DesignItemId=Resistor_1206
Change Component Footprint: Designator=R4 Old Footprint=RES: 0805 New Footprint=RES: 1206
Change Component Footprint: Designator=R6 Old Footprint=RES: 0805 New Footprint=RES: 1206
Change Component Footprint: Designator=R8 Old Footprint=RES: 0805 New Footprint=RES: 1206
Change Component Footprint: Designator=R10 Old Footprint=RES: 0805 New Footprint=RES: 1206
Change Component Footprint: Designator=R12 Old Footprint=RES: 0805 New Footprint=RES: 1206
Change Component Footprint: Designator=R14 Old Footprint=RES: 0805 New Footprint=RES: 1206
Change Component Footprint: Designator=R16 Old Footprint=RES: 0805 New Footprint=RES: 1206
Change Component Footprint: Designator=R18 Old Footprint=RES: 0805 New Footprint=RES: 1206
Change Component Footprint: Designator=R20 Old Footprint=RES: 0805 New Footprint=RES: 1206
Change Component Footprint: Designator=R22 Old Footprint=RES: 0805 New Footprint=RES: 1206
Change Component Footprint: Designator=R24 Old Footprint=RES: 0805 New Footprint=RES: 1206
Change Component Footprint: Designator=R26 Old Footprint=RES: 0805 New Footprint=RES: 1206
Change Component Footprint: Designator=R28 Old Footprint=RES: 0805 New Footprint=RES: 1206
Change Component Footprint: Designator=R30 Old Footprint=RES: 0805 New Footprint=RES: 1206
Change Component Footprint: Designator=R32 Old Footprint=RES: 0805 New Footprint=RES: 1206
Change Component Footprint: Designator=R34 Old Footprint=RES: 0805 New Footprint=RES: 1206
Change Component Comment : Designator=R4 Old Comment=Resistor film, 100R, ±5%, 0805, 0.125W, -55...+125°C New Comment=Resistor film, 100R, ±5%, 1206, 0.25W, -55...+125°C
Change Component Comment : Designator=R6 Old Comment=Resistor film, 100R, ±5%, 0805, 0.125W, -55...+125°C New Comment=Resistor film, 100R, ±5%, 1206, 0.25W, -55...+125°C
Change Component Comment : Designator=R8 Old Comment=Resistor film, 100R, ±5%, 0805, 0.125W, -55...+125°C New Comment=Resistor film, 100R, ±5%, 1206, 0.25W, -55...+125°C
Change Component Comment : Designator=R10 Old Comment=Resistor film, 100R, ±5%, 0805, 0.125W, -55...+125°C New Comment=Resistor film, 100R, ±5%, 1206, 0.25W, -55...+125°C
Change Component Comment : Designator=R12 Old Comment=Resistor film, 100R, ±5%, 0805, 0.125W, -55...+125°C New Comment=Resistor film, 100R, ±5%, 1206, 0.25W, -55...+125°C
Change Component Comment : Designator=R14 Old Comment=Resistor film, 100R, ±5%, 0805, 0.125W, -55...+125°C New Comment=Resistor film, 100R, ±5%, 1206, 0.25W, -55...+125°C
Change Component Comment : Designator=R16 Old Comment=Resistor film, 100R, ±5%, 0805, 0.125W, -55...+125°C New Comment=Resistor film, 100R, ±5%, 1206, 0.25W, -55...+125°C
Change Component Comment : Designator=R18 Old Comment=Resistor film, 100R, ±5%, 0805, 0.125W, -55...+125°C New Comment=Resistor film, 100R, ±5%, 1206, 0.25W, -55...+125°C
Change Component Comment : Designator=R20 Old Comment=Resistor film, 100R, ±5%, 0805, 0.125W, -55...+125°C New Comment=Resistor film, 100R, ±5%, 1206, 0.25W, -55...+125°C
Change Component Comment : Designator=R22 Old Comment=Resistor film, 100R, ±5%, 0805, 0.125W, -55...+125°C New Comment=Resistor film, 100R, ±5%, 1206, 0.25W, -55...+125°C
Change Component Comment : Designator=R24 Old Comment=Resistor film, 100R, ±5%, 0805, 0.125W, -55...+125°C New Comment=Resistor film, 100R, ±5%, 1206, 0.25W, -55...+125°C
Change Component Comment : Designator=R26 Old Comment=Resistor film, 100R, ±5%, 0805, 0.125W, -55...+125°C New Comment=Resistor film, 100R, ±5%, 1206, 0.25W, -55...+125°C
Change Component Comment : Designator=R28 Old Comment=Resistor film, 100R, ±5%, 0805, 0.125W, -55...+125°C New Comment=Resistor film, 100R, ±5%, 1206, 0.25W, -55...+125°C
Change Component Comment : Designator=R30 Old Comment=Resistor film, 100R, ±5%, 0805, 0.125W, -55...+125°C New Comment=Resistor film, 100R, ±5%, 1206, 0.25W, -55...+125°C
Change Component Comment : Designator=R32 Old Comment=Resistor film, 100R, ±5%, 0805, 0.125W, -55...+125°C New Comment=Resistor film, 100R, ±5%, 1206, 0.25W, -55...+125°C
Change Component Comment : Designator=R34 Old Comment=Resistor film, 100R, ±5%, 0805, 0.125W, -55...+125°C New Comment=Resistor film, 100R, ±5%, 1206, 0.25W, -55...+125°C
Change component parameters: Designator = "R4" ("R2"); Footprint = "RES: 0805"; UniqueID = "\YAKNQMMH\IHNKVDRA" ("\YAKNQMMH\IHNKVDRA")
Change component parameters (AddParameter): Name = "HelpURL"; Value = "https://www.digikey.com/product-detail/en/yageo/RC1206JR-07100RL/311-100ERCT-ND/732153"; VariantName = "[No Variations]"
Change component parameters (AddParameter): Name = "Manufacturer"; Value = "Yageo"; VariantName = "[No Variations]"
Change component parameters (AddParameter): Name = "Package"; Value = "1206"; VariantName = "[No Variations]"
Change component parameters (AddParameter): Name = "PartNumber"; Value = "RC1206JR-07100RL"; VariantName = "[No Variations]"
Change component parameters (AddParameter): Name = "Power"; Value = "0.25W"; VariantName = "[No Variations]"
Change component parameters (AddParameter): Name = "Temperature"; Value = "-55...+125°C"; VariantName = "[No Variations]"
Change component parameters (AddParameter): Name = "Tolerance"; Value = "±5%"; VariantName = "[No Variations]"
Change component parameters (AddParameter): Name = "TypeResistor"; Value = "Resistor film"; VariantName = "[No Variations]"
Change component parameters (AddParameter): Name = "Value"; Value = "100R"; VariantName = "[No Variations]"
Change component parameters (AddParameter): Name = "ValueManufacturerPartNumber"; Value = "Resistor film, 100R, ±5%, 1206, 0.25W, -55...+125°C"; VariantName = "[No Variations]"
Change component parameters: Designator = "R8" ("R2"); Footprint = "RES: 0805"; UniqueID = "\LRFMXPGH\IHNKVDRA" ("\LRFMXPGH\IHNKVDRA")
Change component parameters (AddParameter): Name = "HelpURL"; Value = "https://www.digikey.com/product-detail/en/yageo/RC1206JR-07100RL/311-100ERCT-ND/732153"; VariantName = "[No Variations]"
Change component parameters (AddParameter): Name = "Manufacturer"; Value = "Yageo"; VariantName = "[No Variations]"
Change component parameters (AddParameter): Name = "Package"; Value = "1206"; VariantName = "[No Variations]"
Change component parameters (AddParameter): Name = "PartNumber"; Value = "RC1206JR-07100RL"; VariantName = "[No Variations]"
Change component parameters (AddParameter): Name = "Power"; Value = "0.25W"; VariantName = "[No Variations]"
Change component parameters (AddParameter): Name = "Temperature"; Value = "-55...+125°C"; VariantName = "[No Variations]"
Change component parameters (AddParameter): Name = "Tolerance"; Value = "±5%"; VariantName = "[No Variations]"
Change component parameters (AddParameter): Name = "TypeResistor"; Value = "Resistor film"; VariantName = "[No Variations]"
Change component parameters (AddParameter): Name = "Value"; Value = "100R"; VariantName = "[No Variations]"
Change component parameters (AddParameter): Name = "ValueManufacturerPartNumber"; Value = "Resistor film, 100R, ±5%, 1206, 0.25W, -55...+125°C"; VariantName = "[No Variations]"
Change component parameters: Designator = "R12" ("R2"); Footprint = "RES: 0805"; UniqueID = "\DHHYSEQG\IHNKVDRA" ("\DHHYSEQG\IHNKVDRA")
Change component parameters (AddParameter): Name = "HelpURL"; Value = "https://www.digikey.com/product-detail/en/yageo/RC1206JR-07100RL/311-100ERCT-ND/732153"; VariantName = "[No Variations]"
Change component parameters (AddParameter): Name = "Manufacturer"; Value = "Yageo"; VariantName = "[No Variations]"
Change component parameters (AddParameter): Name = "Package"; Value = "1206"; VariantName = "[No Variations]"
Change component parameters (AddParameter): Name = "PartNumber"; Value = "RC1206JR-07100RL"; VariantName = "[No Variations]"
Change component parameters (AddParameter): Name = "Power"; Value = "0.25W"; VariantName = "[No Variations]"
Change component parameters (AddParameter): Name = "Temperature"; Value = "-55...+125°C"; VariantName = "[No Variations]"
Change component parameters (AddParameter): Name = "Tolerance"; Value = "±5%"; VariantName = "[No Variations]"
Change component parameters (AddParameter): Name = "TypeResistor"; Value = "Resistor film"; VariantName = "[No Variations]"
Change component parameters (AddParameter): Name = "Value"; Value = "100R"; VariantName = "[No Variations]"
Change component parameters (AddParameter): Name = "ValueManufacturerPartNumber"; Value = "Resistor film, 100R, ±5%, 1206, 0.25W, -55...+125°C"; VariantName = "[No Variations]"
Change component parameters: Designator = "R16" ("R2"); Footprint = "RES: 0805"; UniqueID = "\DPPQOKHT\IHNKVDRA" ("\DPPQOKHT\IHNKVDRA")
Change component parameters (AddParameter): Name = "HelpURL"; Value = "https://www.digikey.com/product-detail/en/yageo/RC1206JR-07100RL/311-100ERCT-ND/732153"; VariantName = "[No Variations]"
Change component parameters (AddParameter): Name = "Manufacturer"; Value = "Yageo"; VariantName = "[No Variations]"
Change component parameters (AddParameter): Name = "Package"; Value = "1206"; VariantName = "[No Variations]"
Change component parameters (AddParameter): Name = "PartNumber"; Value = "RC1206JR-07100RL"; VariantName = "[No Variations]"
Change component parameters (AddParameter): Name = "Power"; Value = "0.25W"; VariantName = "[No Variations]"
Change component parameters (AddParameter): Name = "Temperature"; Value = "-55...+125°C"; VariantName = "[No Variations]"
Change component parameters (AddParameter): Name = "Tolerance"; Value = "±5%"; VariantName = "[No Variations]"
Change component parameters (AddParameter): Name = "TypeResistor"; Value = "Resistor film"; VariantName = "[No Variations]"
Change component parameters (AddParameter): Name = "Value"; Value = "100R"; VariantName = "[No Variations]"
Change component parameters (AddParameter): Name = "ValueManufacturerPartNumber"; Value = "Resistor film, 100R, ±5%, 1206, 0.25W, -55...+125°C"; VariantName = "[No Variations]"
Change component parameters: Designator = "R20" ("R2"); Footprint = "RES: 0805"; UniqueID = "\JNPGAQWF\IHNKVDRA" ("\JNPGAQWF\IHNKVDRA")
Change component parameters (AddParameter): Name = "HelpURL"; Value = "https://www.digikey.com/product-detail/en/yageo/RC1206JR-07100RL/311-100ERCT-ND/732153"; VariantName = "[No Variations]"
Change component parameters (AddParameter): Name = "Manufacturer"; Value = "Yageo"; VariantName = "[No Variations]"
Change component parameters (AddParameter): Name = "Package"; Value = "1206"; VariantName = "[No Variations]"
Change component parameters (AddParameter): Name = "PartNumber"; Value = "RC1206JR-07100RL"; VariantName = "[No Variations]"
Change component parameters (AddParameter): Name = "Power"; Value = "0.25W"; VariantName = "[No Variations]"
Change component parameters (AddParameter): Name = "Temperature"; Value = "-55...+125°C"; VariantName = "[No Variations]"
Change component parameters (AddParameter): Name = "Tolerance"; Value = "±5%"; VariantName = "[No Variations]"
Change component parameters (AddParameter): Name = "TypeResistor"; Value = "Resistor film"; VariantName = "[No Variations]"
Change component parameters (AddParameter): Name = "Value"; Value = "100R"; VariantName = "[No Variations]"
Change component parameters (AddParameter): Name = "ValueManufacturerPartNumber"; Value = "Resistor film, 100R, ±5%, 1206, 0.25W, -55...+125°C"; VariantName = "[No Variations]"
Change component parameters: Designator = "R24" ("R2"); Footprint = "RES: 0805"; UniqueID = "\TGWZDDXI\IHNKVDRA" ("\TGWZDDXI\IHNKVDRA")
Change component parameters (AddParameter): Name = "HelpURL"; Value = "https://www.digikey.com/product-detail/en/yageo/RC1206JR-07100RL/311-100ERCT-ND/732153"; VariantName = "[No Variations]"
Change component parameters (AddParameter): Name = "Manufacturer"; Value = "Yageo"; VariantName = "[No Variations]"
Change component parameters (AddParameter): Name = "Package"; Value = "1206"; VariantName = "[No Variations]"
Change component parameters (AddParameter): Name = "PartNumber"; Value = "RC1206JR-07100RL"; VariantName = "[No Variations]"
Change component parameters (AddParameter): Name = "Power"; Value = "0.25W"; VariantName = "[No Variations]"
Change component parameters (AddParameter): Name = "Temperature"; Value = "-55...+125°C"; VariantName = "[No Variations]"
Change component parameters (AddParameter): Name = "Tolerance"; Value = "±5%"; VariantName = "[No Variations]"
Change component parameters (AddParameter): Name = "TypeResistor"; Value = "Resistor film"; VariantName = "[No Variations]"
Change component parameters (AddParameter): Name = "Value"; Value = "100R"; VariantName = "[No Variations]"
Change component parameters (AddParameter): Name = "ValueManufacturerPartNumber"; Value = "Resistor film, 100R, ±5%, 1206, 0.25W, -55...+125°C"; VariantName = "[No Variations]"
Change component parameters: Designator = "R28" ("R2"); Footprint = "RES: 0805"; UniqueID = "\UTSNLXFB\IHNKVDRA" ("\UTSNLXFB\IHNKVDRA")
Change component parameters (AddParameter): Name = "HelpURL"; Value = "https://www.digikey.com/product-detail/en/yageo/RC1206JR-07100RL/311-100ERCT-ND/732153"; VariantName = "[No Variations]"
Change component parameters (AddParameter): Name = "Manufacturer"; Value = "Yageo"; VariantName = "[No Variations]"
Change component parameters (AddParameter): Name = "Package"; Value = "1206"; VariantName = "[No Variations]"
Change component parameters (AddParameter): Name = "PartNumber"; Value = "RC1206JR-07100RL"; VariantName = "[No Variations]"
Change component parameters (AddParameter): Name = "Power"; Value = "0.25W"; VariantName = "[No Variations]"
Change component parameters (AddParameter): Name = "Temperature"; Value = "-55...+125°C"; VariantName = "[No Variations]"
Change component parameters (AddParameter): Name = "Tolerance"; Value = "±5%"; VariantName = "[No Variations]"
Change component parameters (AddParameter): Name = "TypeResistor"; Value = "Resistor film"; VariantName = "[No Variations]"
Change component parameters (AddParameter): Name = "Value"; Value = "100R"; VariantName = "[No Variations]"
Change component parameters (AddParameter): Name = "ValueManufacturerPartNumber"; Value = "Resistor film, 100R, ±5%, 1206, 0.25W, -55...+125°C"; VariantName = "[No Variations]"
Change component parameters: Designator = "R32" ("R2"); Footprint = "RES: 0805"; UniqueID = "\EHDNEPCM\IHNKVDRA" ("\EHDNEPCM\IHNKVDRA")
Change component parameters (AddParameter): Name = "HelpURL"; Value = "https://www.digikey.com/product-detail/en/yageo/RC1206JR-07100RL/311-100ERCT-ND/732153"; VariantName = "[No Variations]"
Change component parameters (AddParameter): Name = "Manufacturer"; Value = "Yageo"; VariantName = "[No Variations]"
Change component parameters (AddParameter): Name = "Package"; Value = "1206"; VariantName = "[No Variations]"
Change component parameters (AddParameter): Name = "PartNumber"; Value = "RC1206JR-07100RL"; VariantName = "[No Variations]"
Change component parameters (AddParameter): Name = "Power"; Value = "0.25W"; VariantName = "[No Variations]"
Change component parameters (AddParameter): Name = "Temperature"; Value = "-55...+125°C"; VariantName = "[No Variations]"
Change component parameters (AddParameter): Name = "Tolerance"; Value = "±5%"; VariantName = "[No Variations]"
Change component parameters (AddParameter): Name = "TypeResistor"; Value = "Resistor film"; VariantName = "[No Variations]"
Change component parameters (AddParameter): Name = "Value"; Value = "100R"; VariantName = "[No Variations]"
Change component parameters (AddParameter): Name = "ValueManufacturerPartNumber"; Value = "Resistor film, 100R, ±5%, 1206, 0.25W, -55...+125°C"; VariantName = "[No Variations]"
