Removed Pin From Net: NetName=GND Pin=C11-1
Removed Pin From Net: NetName=NetC2_2 Pin=C11-2
Removed Pin From Net: NetName=NetC2_2 Pin=Designator31-1
Removed Pin From Net: NetName=NetC2_2 Pin=Designator31-2
Removed Pin From Net: NetName=NetR24_2 Pin=Designator37-1
Removed Pin From Net: NetName=NetR24_2 Pin=Designator37-2
Removed Pin From Net: NetName=NetR28_2 Pin=Designator38-1
Removed Pin From Net: NetName=NetR28_2 Pin=Designator38-2
Removed Pin From Net: NetName=NetR32_2 Pin=Designator39-1
Removed Pin From Net: NetName=NetR32_2 Pin=Designator39-2
Removed Pin From Net: NetName=NetC2_2 Pin=Designator40-1
Removed Pin From Net: NetName=NetC2_2 Pin=Designator40-2
Removed Pin From Net: NetName=NetC2_2 Pin=Designator41-1
Removed Pin From Net: NetName=NetC2_2 Pin=Designator41-2
Removed Pin From Net: NetName=NetC2_2 Pin=Designator42-1
Removed Pin From Net: NetName=NetC2_2 Pin=Designator42-2
Removed Pin From Net: NetName=NetC2_2 Pin=Designator43-1
Removed Pin From Net: NetName=NetC2_2 Pin=Designator43-2
Removed Pin From Net: NetName=NetC2_2 Pin=Designator44-1
Removed Pin From Net: NetName=NetC2_2 Pin=Designator44-2
Removed Pin From Net: NetName=NetC2_2 Pin=Designator45-1
Removed Pin From Net: NetName=NetC2_2 Pin=Designator45-2
Removed Pin From Net: NetName=NetC2_2 Pin=Designator46-1
Removed Pin From Net: NetName=NetC2_2 Pin=Designator46-2
Removed Pin From Net: NetName=VCC Pin=Designator47-1
Removed Pin From Net: NetName=VCC Pin=Designator47-2
Removed Pin From Net: NetName=VCC Pin=Designator48-1
Removed Pin From Net: NetName=GND Pin=Designator49-1
Removed Pin From Net: NetName=VCC Pin=X10-1
Removed Pin From Net: NetName=GND Pin=X10-2
Change Component DesignItemId : Designator=R4 Old DesignItemId=Resistor_0805 New DesignItemId=Resistor_1206
Change Component DesignItemId : Designator=R8 Old DesignItemId=Resistor_0805 New DesignItemId=Resistor_1206
Change Component DesignItemId : Designator=R12 Old DesignItemId=Resistor_0805 New DesignItemId=Resistor_1206
Change Component DesignItemId : Designator=R16 Old DesignItemId=Resistor_0805 New DesignItemId=Resistor_1206
Change Component DesignItemId : Designator=R20 Old DesignItemId=Resistor_0805 New DesignItemId=Resistor_1206
Change Component DesignItemId : Designator=R24 Old DesignItemId=Resistor_0805 New DesignItemId=Resistor_1206
Change Component DesignItemId : Designator=R28 Old DesignItemId=Resistor_0805 New DesignItemId=Resistor_1206
Change Component DesignItemId : Designator=R32 Old DesignItemId=Resistor_0805 New DesignItemId=Resistor_1206
Change Component Footprint: Designator=R4 Old Footprint=RES: 0805 New Footprint=RES: 1206
Change Component Footprint: Designator=R8 Old Footprint=RES: 0805 New Footprint=RES: 1206
Change Component Footprint: Designator=R12 Old Footprint=RES: 0805 New Footprint=RES: 1206
Change Component Footprint: Designator=R16 Old Footprint=RES: 0805 New Footprint=RES: 1206
Change Component Footprint: Designator=R20 Old Footprint=RES: 0805 New Footprint=RES: 1206
Change Component Footprint: Designator=R24 Old Footprint=RES: 0805 New Footprint=RES: 1206
Change Component Footprint: Designator=R28 Old Footprint=RES: 0805 New Footprint=RES: 1206
Change Component Footprint: Designator=R32 Old Footprint=RES: 0805 New Footprint=RES: 1206
Change Component Comment : Designator=R4 Old Comment=Resistor film, 100R, ±5%, 0805, 0.125W, -55...+125°C New Comment=Resistor film, 100R, ±5%, 1206, 0.25W, -55...+125°C
Change Component Comment : Designator=R8 Old Comment=Resistor film, 100R, ±5%, 0805, 0.125W, -55...+125°C New Comment=Resistor film, 100R, ±5%, 1206, 0.25W, -55...+125°C
Change Component Comment : Designator=R12 Old Comment=Resistor film, 100R, ±5%, 0805, 0.125W, -55...+125°C New Comment=Resistor film, 100R, ±5%, 1206, 0.25W, -55...+125°C
Change Component Comment : Designator=R16 Old Comment=Resistor film, 100R, ±5%, 0805, 0.125W, -55...+125°C New Comment=Resistor film, 100R, ±5%, 1206, 0.25W, -55...+125°C
Change Component Comment : Designator=R20 Old Comment=Resistor film, 100R, ±5%, 0805, 0.125W, -55...+125°C New Comment=Resistor film, 100R, ±5%, 1206, 0.25W, -55...+125°C
Change Component Comment : Designator=R24 Old Comment=Resistor film, 100R, ±5%, 0805, 0.125W, -55...+125°C New Comment=Resistor film, 100R, ±5%, 1206, 0.25W, -55...+125°C
Change Component Comment : Designator=R28 Old Comment=Resistor film, 100R, ±5%, 0805, 0.125W, -55...+125°C New Comment=Resistor film, 100R, ±5%, 1206, 0.25W, -55...+125°C
Change Component Comment : Designator=R32 Old Comment=Resistor film, 100R, ±5%, 0805, 0.125W, -55...+125°C New Comment=Resistor film, 100R, ±5%, 1206, 0.25W, -55...+125°C
